[2022-10-13 22:32:48] [Path Check] Started
[2022-10-13 22:32:48] [Path Check] Good!
[2022-10-13 22:32:48] [First Run] Showing Save Data Settings
[2022-10-13 22:32:57] URL check passed for https://petra1990.000webhostapp.com/builds.txt: Status code [200]
[2022-10-13 22:32:57] [Current Build Check] Build Not Installed
[2022-10-13 22:32:58] [Current Build Check] [User Selected: Open Build Menu] [Next Check: 2019-01-01 00:00:00]
[2022-10-13 22:32:59] [Build Update Check] Next Check: 2022-10-13 22:32:58
[2022-10-13 22:32:59] [Auto Install Repo] Started
[2022-10-13 22:32:59] [Auto Install Repo] Repository already installed
[2022-10-13 22:32:59] [Binary Detection] Eligible Binary Addons to Reinstall
[2022-10-13 22:32:59] [Auto Update Wizard] Started
[2022-10-13 22:33:00] URL check passed for https://petra1990.000webhostapp.com/builds.txt: Status code [200]
[2022-10-13 22:33:00] URL check passed for https://petra1990.000webhostapp.com/builds.txt: Status code [200]
[2022-10-13 22:33:00] plugin://plugin.program.blood/: [ mode: builds ] 
[2022-10-13 22:33:01] URL is not of a valid schema: http://
[2022-10-13 22:33:01] [Notifications] Notifications file at http:// not formatted correctly.
[2022-10-13 22:33:01] [Build Installed Check] Not Enabled
[2022-10-13 22:33:01] [Trakt Data] Started
[2022-10-13 22:33:02] [Trakt Data] Saving all Data
[2022-10-13 22:33:02] URL check passed for https://petra1990.000webhostapp.com/builds.txt: Status code [200]
[2022-10-13 22:33:02] [Debrid Data] Started
[2022-10-13 22:33:02] [Debrid Data] Saving all Data
[2022-10-13 22:33:02] [Login Info] Started
[2022-10-13 22:33:02] [Login Info] Saving all Data
[2022-10-13 22:33:02] [Auto Clean Up] Not Enabled
[2022-10-13 22:33:03] URL check passed for https://petra1990.000webhostapp.com/builds.txt: Status code [200]
[2022-10-13 22:33:03] URL check passed for https://petra1990.000webhostapp.com/builds.txt: Status code [200]
[2022-10-13 22:33:04] URL check passed for https://petra1990.000webhostapp.com/builds.txt: Status code [200]
[2022-10-13 22:33:06] URL check passed for https://www.youtube.com/watch?v=djV11Xbc914: Status code [200]
[2022-10-13 22:33:06] URL is not of a valid schema: url.to.guisettings
[2022-10-13 22:33:06] URL is not of a valid schema: url.to.themes
